www.taobao.com	FASGREAHSATTHXDXAS	2014-02-01 8:54:23
www.taobao.com	GADSFGADSHGFDHGFSADFADGCX	2014-01-07 8:54:23
www.taobao.com	FASGREAHSATTHXDXAS	2014-01-07 8:54:23
www.taobao.com	FASGREAHSATTHXDXAS	2014-01-08 8:54:23
www.taobao.com	GADSFGADSHGFDHGFSADFADGCX	2014-01-07 8:54:23
www.taobao.com	FADKFHJKLAJGJADGLJSFASFADF	2014-01-08 8:54:23
www.taobao.com	FASGREAHSATTHXDXAS	2014-01-07 8:54:23
www.taobao.com	ASGFDSDFGSDFFFGSAAFDSAFSA	2014-01-08 8:54:23
www.taobao.com	GADSFGADSHGFDHGFSADFADGCX	2014-02-01 8:54:23
www.taobao.com	FASGREAHSATTHXDXAS	2014-01-07 8:54:23
www.taobao.com	ASGFDSDFGSDFFFGSAAFDSAFSA	2014-02-01 8:54:23
www.taobao.com	FASGREAHSATTHXDXAS	2015-07-07 8:54:23
www.taobao.com	FASDGFDHBTGHRSASSDVC	2015-07-07 8:54:23
www.taobao.com	FADKFHJKLAJGJADGLJSFASFADF	2014-02-07 8:54:23
www.taobao.com	ASGFDSDFGSDFFFGSAAFDSAFSA	2014-02-01 8:54:23
www.taobao.com	ASGFDSDFGSDFFFGSAAFDSAFSA	2014-01-08 8:54:23
www.taobao.com	FASDGFDHBTGHRSASSDVC	2014-02-01 8:54:23
www.taobao.com	ASGFDSDFGSDFFFGSAAFDSAFSA	2014-02-07 8:54:23
www.taobao.com	ASGFDSDFGSDFFFGSAAFDSAFSA	2014-02-07 8:54:23
www.taobao.com	GADSFGADSHGFDHGFSADFADGCX	2014-01-08 8:54:23
www.taobao.com	FASGREAHSATTHXDXAS	2014-01-08 8:54:23
www.taobao.com	FASDGFDHBTGHRSASSDVC	2014-01-08 8:54:23
www.taobao.com	FASGREAHSATTHXDXAS	2014-01-07 8:54:23
www.taobao.com	FASDGFDHBTGHRSASSDVC	2015-07-07 8:54:23
www.taobao.com	FASGREAHSATTHXDXAS	2014-01-07 8:54:23
www.taobao.com	FASDGFDHBTGHRSASSDVC	2014-01-07 8:54:23
www.taobao.com	FADKFHJKLAJGJADGLJSFASFADF	2014-02-07 8:54:23
www.taobao.com	FASDGFDHBTGHRSASSDVC	2014-01-08 8:54:23
www.taobao.com	GADSFGADSHGFDHGFSADFADGCX	2014-01-07 8:54:23
www.taobao.com	FASGREAHSATTHXDXAS	2015-07-07 8:54:23
www.taobao.com	ASGFDSDFGSDFFFGSAAFDSAFSA	2015-07-07 8:54:23
www.taobao.com	GADSFGADSHGFDHGFSADFADGCX	2014-01-07 8:54:23
www.taobao.com	ASGFDSDFGSDFFFGSAAFDSAFSA	2014-02-07 8:54:23
www.taobao.com	FASDGFDHBTGHRSASSDVC	2014-02-07 8:54:23
www.taobao.com	FASGREAHSATTHXDXAS	2015-07-07 8:54:23
www.taobao.com	FADKFHJKLAJGJADGLJSFASFADF	2014-01-08 8:54:23
www.taobao.com	FADKFHJKLAJGJADGLJSFASFADF	2014-01-07 8:54:23
www.taobao.com	ASGFDSDFGSDFFFGSAAFDSAFSA	2014-02-07 8:54:23
www.taobao.com	FASDGFDHBTGHRSASSDVC	2014-01-07 8:54:23
www.taobao.com	ASGFDSDFGSDFFFGSAAFDSAFSA	2014-02-07 8:54:23
www.taobao.com	FASGREAHSATTHXDXAS	2014-01-08 8:54:23
www.taobao.com	FADKFHJKLAJGJADGLJSFASFADF	2014-01-07 8:54:23
www.taobao.com	FASDGFDHBTGHRSASSDVC	2014-02-07 8:54:23
www.taobao.com	ASGFDSDFGSDFFFGSAAFDSAFSA	2014-01-07 8:54:23
www.taobao.com	GADSFGADSHGFDHGFSADFADGCX	2014-02-01 8:54:23
www.taobao.com	GADSFGADSHGFDHGFSADFADGCX	2015-07-07 8:54:23
www.taobao.com	FASGREAHSATTHXDXAS	2014-01-07 8:54:23
www.taobao.com	ASGFDSDFGSDFFFGSAAFDSAFSA	2015-07-07 8:54:23
www.taobao.com	ASGFDSDFGSDFFFGSAAFDSAFSA	2014-01-07 8:54:23
www.taobao.com	ASGFDSDFGSDFFFGSAAFDSAFSA	2014-02-07 8:54:23
www.taobao.com	ASGFDSDFGSDFFFGSAAFDSAFSA	2014-02-07 8:54:23
www.taobao.com	FASGREAHSATTHXDXAS	2014-01-07 8:54:23
www.taobao.com	ASGFDSDFGSDFFFGSAAFDSAFSA	2015-07-07 8:54:23
www.taobao.com	ASGFDSDFGSDFFFGSAAFDSAFSA	2014-01-07 8:54:23
www.taobao.com	ASGFDSDFGSDFFFGSAAFDSAFSA	2014-02-07 8:54:23
www.taobao.com	ASGFDSDFGSDFFFGSAAFDSAFSA	2014-02-07 8:54:23
www.taobao.com	ASGFDSDFGSDFFFGSAAFDSAFSA	2014-02-07 8:54:23
www.taobao.com	ASGFDSDFGSDFFFGSAAFDSAFSA	2014-02-07 8:54:23
www.taobao.com	ASGFDSDFGSDFFFGSAAFDSAFSA	2014-02-07 8:54:23